<?xml version='1.0' encoding='UTF-8'?>
<testsuite hostname="Laptopz" name="IntegrationTest" tests="1" errors="0" failures="0" time="7.595">
                     <properties>
[...]
</properties>
                     <testcase classname="IntegrationTest" name="test" time="7.595">
                                                 
                                               </testcase>
                     <system-out></system-out>
                     <system-err></system-err>
                   </testsuite>